This is pdfTeX, Version 3.1415926-2.4-1.40.13 (MiKTeX 2.9) (preloaded format=pdflatex 2013.3.20)  13 JUN 2013 16:31
entering extended mode
**C:/Users/mwoodruf/repo/ece432/bare_conf.tex
(C:/Users/mwoodruf/repo/ece432/bare_conf.tex
LaTeX2e <2011/06/27>
Babel <v3.8m> and hyphenation patterns for english, afrikaans, ancientgreek, ar
abic, armenian, assamese, basque, bengali, bokmal, bulgarian, catalan, coptic, 
croatian, czech, danish, dutch, esperanto, estonian, farsi, finnish, french, ga
lician, german, german-x-2012-05-30, greek, gujarati, hindi, hungarian, iceland
ic, indonesian, interlingua, irish, italian, kannada, kurmanji, latin, latvian,
 lithuanian, malayalam, marathi, mongolian, mongolianlmc, monogreek, ngerman, n
german-x-2012-05-30, nynorsk, oriya, panjabi, pinyin, polish, portuguese, roman
ian, russian, sanskrit, serbian, slovak, slovenian, spanish, swedish, swissgerm
an, tamil, telugu, turkish, turkmen, ukenglish, ukrainian, uppersorbian, usengl
ishmax, welsh, loaded.
(C:\Users\mwoodruf\repo\ece432\IEEEtran.cls
Document Class: IEEEtran 2012/11/21 V1.8c by Harald Hanche-Olsen and Anders Chr
istensen
-- Based on V1.7a by Michael Shell
-- See the "IEEEtran_HOWTO" manual for usage information.
-- http://www.michaelshell.org/tex/ieeetran/
\@IEEEtrantmpdimenA=\dimen102
\@IEEEtrantmpdimenB=\dimen103
\@IEEEtrantmpcountA=\count79
\@IEEEtrantmpcountB=\count80
\@IEEEtrantmptoksA=\toks14
LaTeX Font Info:    Try loading font information for OT1+ptm on input line 373.

("C:\Program Files (x86)\miktex\tex\latex\psnfss\ot1ptm.fd"
File: ot1ptm.fd 2001/06/04 font definitions for OT1/ptm.
)
-- Using 8.5in x 11in (letter) paper.
-- Using PDF output.
\@IEEEnormalsizeunitybaselineskip=\dimen104
-- This is a 10 point document.
\CLASSINFOnormalsizebaselineskip=\dimen105
\CLASSINFOnormalsizeunitybaselineskip=\dimen106
\IEEEnormaljot=\dimen107
LaTeX Font Info:    Font shape `OT1/ptm/bx/n' in size <5> not available
(Font)              Font shape `OT1/ptm/b/n' tried instead on input line 731.
LaTeX Font Info:    Font shape `OT1/ptm/bx/it' in size <5> not available
(Font)              Font shape `OT1/ptm/b/it' tried instead on input line 731.
LaTeX Font Info:    Font shape `OT1/ptm/bx/n' in size <7> not available
(Font)              Font shape `OT1/ptm/b/n' tried instead on input line 731.
LaTeX Font Info:    Font shape `OT1/ptm/bx/it' in size <7> not available
(Font)              Font shape `OT1/ptm/b/it' tried instead on input line 731.
LaTeX Font Info:    Font shape `OT1/ptm/bx/n' in size <8> not available
(Font)              Font shape `OT1/ptm/b/n' tried instead on input line 731.
LaTeX Font Info:    Font shape `OT1/ptm/bx/it' in size <8> not available
(Font)              Font shape `OT1/ptm/b/it' tried instead on input line 731.
LaTeX Font Info:    Font shape `OT1/ptm/bx/n' in size <9> not available
(Font)              Font shape `OT1/ptm/b/n' tried instead on input line 731.
LaTeX Font Info:    Font shape `OT1/ptm/bx/it' in size <9> not available
(Font)              Font shape `OT1/ptm/b/it' tried instead on input line 731.
LaTeX Font Info:    Font shape `OT1/ptm/bx/n' in size <10> not available
(Font)              Font shape `OT1/ptm/b/n' tried instead on input line 731.
LaTeX Font Info:    Font shape `OT1/ptm/bx/it' in size <10> not available
(Font)              Font shape `OT1/ptm/b/it' tried instead on input line 731.
LaTeX Font Info:    Font shape `OT1/ptm/bx/n' in size <11> not available
(Font)              Font shape `OT1/ptm/b/n' tried instead on input line 731.
LaTeX Font Info:    Font shape `OT1/ptm/bx/it' in size <11> not available
(Font)              Font shape `OT1/ptm/b/it' tried instead on input line 731.
LaTeX Font Info:    Font shape `OT1/ptm/bx/n' in size <12> not available
(Font)              Font shape `OT1/ptm/b/n' tried instead on input line 731.
LaTeX Font Info:    Font shape `OT1/ptm/bx/it' in size <12> not available
(Font)              Font shape `OT1/ptm/b/it' tried instead on input line 731.
LaTeX Font Info:    Font shape `OT1/ptm/bx/n' in size <17> not available
(Font)              Font shape `OT1/ptm/b/n' tried instead on input line 731.
LaTeX Font Info:    Font shape `OT1/ptm/bx/it' in size <17> not available
(Font)              Font shape `OT1/ptm/b/it' tried instead on input line 731.
LaTeX Font Info:    Font shape `OT1/ptm/bx/n' in size <20> not available
(Font)              Font shape `OT1/ptm/b/n' tried instead on input line 731.
LaTeX Font Info:    Font shape `OT1/ptm/bx/it' in size <20> not available
(Font)              Font shape `OT1/ptm/b/it' tried instead on input line 731.
LaTeX Font Info:    Font shape `OT1/ptm/bx/n' in size <24> not available
(Font)              Font shape `OT1/ptm/b/n' tried instead on input line 731.
LaTeX Font Info:    Font shape `OT1/ptm/bx/it' in size <24> not available
(Font)              Font shape `OT1/ptm/b/it' tried instead on input line 731.
\IEEEilabelindentA=\dimen108
\IEEEilabelindentB=\dimen109
\IEEEilabelindent=\dimen110
\IEEEelabelindent=\dimen111
\IEEEdlabelindent=\dimen112
\IEEElabelindent=\dimen113
\IEEEiednormlabelsep=\dimen114
\IEEEiedmathlabelsep=\dimen115
\IEEEiedtopsep=\skip41
\c@section=\count81
\c@subsection=\count82
\c@subsubsection=\count83
\c@paragraph=\count84
\c@IEEEsubequation=\count85
\abovecaptionskip=\skip42
\belowcaptionskip=\skip43
\c@figure=\count86
\c@table=\count87
\@IEEEeqnnumcols=\count88
\@IEEEeqncolcnt=\count89
\@IEEEtmpitemindent=\dimen116
\c@IEEEbiography=\count90
\@IEEEtranrubishbin=\box26
) ("C:\Program Files (x86)\miktex\tex\latex\amsmath\amsmath.sty"
Package: amsmath 2013/01/14 v2.14 AMS math features
\@mathmargin=\skip44

For additional information on amsmath, use the `?' option.
("C:\Program Files (x86)\miktex\tex\latex\amsmath\amstext.sty"
Package: amstext 2000/06/29 v2.01

("C:\Program Files (x86)\miktex\tex\latex\amsmath\amsgen.sty"
File: amsgen.sty 1999/11/30 v2.0
\@emptytoks=\toks15
\ex@=\dimen117
))
("C:\Program Files (x86)\miktex\tex\latex\amsmath\amsbsy.sty"
Package: amsbsy 1999/11/29 v1.2d
\pmbraise@=\dimen118
)
("C:\Program Files (x86)\miktex\tex\latex\amsmath\amsopn.sty"
Package: amsopn 1999/12/14 v2.01 operator names
)
\inf@bad=\count91
LaTeX Info: Redefining \frac on input line 210.
\uproot@=\count92
\leftroot@=\count93
LaTeX Info: Redefining \overline on input line 306.
\classnum@=\count94
\DOTSCASE@=\count95
LaTeX Info: Redefining \ldots on input line 378.
LaTeX Info: Redefining \dots on input line 381.
LaTeX Info: Redefining \cdots on input line 466.
\Mathstrutbox@=\box27
\strutbox@=\box28
\big@size=\dimen119
LaTeX Font Info:    Redeclaring font encoding OML on input line 566.
LaTeX Font Info:    Redeclaring font encoding OMS on input line 567.
\macc@depth=\count96
\c@MaxMatrixCols=\count97
\dotsspace@=\muskip10
\c@parentequation=\count98
\dspbrk@lvl=\count99
\tag@help=\toks16
\row@=\count100
\column@=\count101
\maxfields@=\count102
\andhelp@=\toks17
\eqnshift@=\dimen120
\alignsep@=\dimen121
\tagshift@=\dimen122
\tagwidth@=\dimen123
\totwidth@=\dimen124
\lineht@=\dimen125
\@envbody=\toks18
\multlinegap=\skip45
\multlinetaggap=\skip46
\mathdisplay@stack=\toks19
LaTeX Info: Redefining \[ on input line 2665.
LaTeX Info: Redefining \] on input line 2666.
)
("C:\Program Files (x86)\miktex\tex\latex\xcolor\xcolor.sty"
Package: xcolor 2007/01/21 v2.11 LaTeX color extensions (UK)

("C:\Program Files (x86)\miktex\tex\latex\00miktex\color.cfg"
File: color.cfg 2007/01/18 v1.5 color configuration of teTeX/TeXLive
)
Package xcolor Info: Driver file: pdftex.def on input line 225.

("C:\Program Files (x86)\miktex\tex\latex\pdftex-def\pdftex.def"
File: pdftex.def 2011/05/27 v0.06d Graphics/color for pdfTeX

("C:\Program Files (x86)\miktex\tex\generic\oberdiek\infwarerr.sty"
Package: infwarerr 2010/04/08 v1.3 Providing info/warning/error messages (HO)
)
("C:\Program Files (x86)\miktex\tex\generic\oberdiek\ltxcmds.sty"
Package: ltxcmds 2011/11/09 v1.22 LaTeX kernel commands for general use (HO)
)
\Gread@gobject=\count103
)
Package xcolor Info: Model `cmy' substituted by `cmy0' on input line 1337.
Package xcolor Info: Model `hsb' substituted by `rgb' on input line 1341.
Package xcolor Info: Model `RGB' extended on input line 1353.
Package xcolor Info: Model `HTML' substituted by `rgb' on input line 1355.
Package xcolor Info: Model `Hsb' substituted by `hsb' on input line 1356.
Package xcolor Info: Model `tHsb' substituted by `hsb' on input line 1357.
Package xcolor Info: Model `HSB' substituted by `hsb' on input line 1358.
Package xcolor Info: Model `Gray' substituted by `gray' on input line 1359.
Package xcolor Info: Model `wave' substituted by `hsb' on input line 1360.
)
("C:\Program Files (x86)\miktex\tex\latex\graphics\graphicx.sty"
Package: graphicx 1999/02/16 v1.0f Enhanced LaTeX Graphics (DPC,SPQR)

("C:\Program Files (x86)\miktex\tex\latex\graphics\keyval.sty"
Package: keyval 1999/03/16 v1.13 key=value parser (DPC)
\KV@toks@=\toks20
)
("C:\Program Files (x86)\miktex\tex\latex\graphics\graphics.sty"
Package: graphics 2009/02/05 v1.0o Standard LaTeX Graphics (DPC,SPQR)

("C:\Program Files (x86)\miktex\tex\latex\graphics\trig.sty"
Package: trig 1999/03/16 v1.09 sin cos tan (DPC)
)
("C:\Program Files (x86)\miktex\tex\latex\00miktex\graphics.cfg"
File: graphics.cfg 2007/01/18 v1.5 graphics configuration of teTeX/TeXLive
)
Package graphics Info: Driver file: pdftex.def on input line 91.
)
\Gin@req@height=\dimen126
\Gin@req@width=\dimen127
)
(C:\Users\mwoodruf\repo\ece432\bare_conf.aux)
LaTeX Font Info:    Checking defaults for OML/cmm/m/it on input line 7.
LaTeX Font Info:    ... okay on input line 7.
LaTeX Font Info:    Checking defaults for T1/cmr/m/n on input line 7.
LaTeX Font Info:    ... okay on input line 7.
LaTeX Font Info:    Checking defaults for OT1/cmr/m/n on input line 7.
LaTeX Font Info:    ... okay on input line 7.
LaTeX Font Info:    Checking defaults for OMS/cmsy/m/n on input line 7.
LaTeX Font Info:    ... okay on input line 7.
LaTeX Font Info:    Checking defaults for OMX/cmex/m/n on input line 7.
LaTeX Font Info:    ... okay on input line 7.
LaTeX Font Info:    Checking defaults for U/cmr/m/n on input line 7.
LaTeX Font Info:    ... okay on input line 7.

("C:\Program Files (x86)\miktex\tex\context\base\supp-pdf.mkii"
[Loading MPS to PDF converter (version 2006.09.02).]
\scratchcounter=\count104
\scratchdimen=\dimen128
\scratchbox=\box29
\nofMPsegments=\count105
\nofMParguments=\count106
\everyMPshowfont=\toks21
\MPscratchCnt=\count107
\MPscratchDim=\dimen129
\MPnumerator=\count108
\makeMPintoPDFobject=\count109
\everyMPtoPDFconversion=\toks22
)

LaTeX Warning: Reference `fig:lna_schematic' on page 1 undefined on input line 
25.


<amplifier_simulation_pics/MMIC_unmatched_circuit-with-transmission-lines.PNG, 
id=1, 541.27219pt x 487.06969pt>
File: amplifier_simulation_pics/MMIC_unmatched_circuit-with-transmission-lines.
PNG Graphic file (type png)

<use amplifier_simulation_pics/MMIC_unmatched_circuit-with-transmission-lines.P
NG>
Package pdftex.def Info: amplifier_simulation_pics/MMIC_unmatched_circuit-with-
transmission-lines.PNG used on input line 29.
(pdftex.def)             Requested size: 180.67499pt x 162.57664pt.


LaTeX Warning: `!h' float specifier changed to `!ht'.


<amplifier_simulation_pics/MMIC_matched_circuit-with-transmission-lines.PNG, id
=3, 429.85594pt x 454.69875pt>
File: amplifier_simulation_pics/MMIC_matched_circuit-with-transmission-lines.PN
G Graphic file (type png)

<use amplifier_simulation_pics/MMIC_matched_circuit-with-transmission-lines.PNG
>
Package pdftex.def Info: amplifier_simulation_pics/MMIC_matched_circuit-with-tr
ansmission-lines.PNG used on input line 36.
(pdftex.def)             Requested size: 180.67499pt x 191.11786pt.


LaTeX Warning: `!h' float specifier changed to `!ht'.

<amplifier_simulation_pics/lnaS21.PNG, id=4, 752.8125pt x 491.58656pt>
File: amplifier_simulation_pics/lnaS21.PNG Graphic file (type png)

<use amplifier_simulation_pics/lnaS21.PNG>
Package pdftex.def Info: amplifier_simulation_pics/lnaS21.PNG used on input lin
e 43.
(pdftex.def)             Requested size: 180.67499pt x 117.97568pt.


LaTeX Warning: `!h' float specifier changed to `!ht'.

<amplifier_simulation_pics/lnaSchematic.PNG, id=5, 1017.8025pt x 255.95625pt>
File: amplifier_simulation_pics/lnaSchematic.PNG Graphic file (type png)

<use amplifier_simulation_pics/lnaSchematic.PNG>
Package pdftex.def Info: amplifier_simulation_pics/lnaSchematic.PNG used on inp
ut line 50.
(pdftex.def)             Requested size: 180.67499pt x 45.43352pt.


LaTeX Warning: `!h' float specifier changed to `!ht'.

LaTeX Font Info:    External font `cmex10' loaded for size
(Font)              <7> on input line 60.
LaTeX Font Info:    External font `cmex10' loaded for size
(Font)              <5> on input line 60.
LaTeX Font Info:    External font `cmex10' loaded for size
(Font)              <8> on input line 60.
LaTeX Font Info:    External font `cmex10' loaded for size
(Font)              <6> on input line 60.

Underfull \vbox (badness 10000) has occurred while \output is active []

 [1{C:/Users/mwoodruf/AppData/Local/MiKTeX/2.9/pdftex/config/pdftex.map}


 <C:/Users/mwoodruf/repo/ece432/amplifier_simulation_pics/MMIC_unmatched_circui
t-with-transmission-lines.PNG> <C:/Users/mwoodruf/repo/ece432/amplifier_simulat
ion_pics/MMIC_matched_circuit-with-transmission-lines.PNG>]
<wilkinson-pics/wilkinson-schematic.png, id=14, 582.67688pt x 505.89pt>
File: wilkinson-pics/wilkinson-schematic.png Graphic file (type png)

<use wilkinson-pics/wilkinson-schematic.png>
Package pdftex.def Info: wilkinson-pics/wilkinson-schematic.png used on input l
ine 65.
(pdftex.def)             Requested size: 180.67499pt x 156.86287pt.

<wilkinson-pics/wilkinson-simulation.png, id=15, 604.50844pt x 482.55281pt>
File: wilkinson-pics/wilkinson-simulation.png Graphic file (type png)

<use wilkinson-pics/wilkinson-simulation.png>
Package pdftex.def Info: wilkinson-pics/wilkinson-simulation.png used on input 
line 73.
(pdftex.def)             Requested size: 180.67499pt x 144.22208pt.

<wilkinson-pics/wilkinson-layout.png, id=16, 671.50874pt x 450.9347pt>
File: wilkinson-pics/wilkinson-layout.png Graphic file (type png)

<use wilkinson-pics/wilkinson-layout.png>
Package pdftex.def Info: wilkinson-pics/wilkinson-layout.png used on input line
 81.
(pdftex.def)             Requested size: 180.67499pt x 121.3274pt.

<bandpass-pics/bpf24.png, id=17, 529.98pt x 465.99094pt>
File: bandpass-pics/bpf24.png Graphic file (type png)

<use bandpass-pics/bpf24.png>
Package pdftex.def Info: bandpass-pics/bpf24.png used on input line 92.
(pdftex.def)             Requested size: 180.67499pt x 158.86143pt.

<bandpass-pics/bpf26.png, id=18, 526.21594pt x 465.99094pt>
File: bandpass-pics/bpf26.png Graphic file (type png)

<use bandpass-pics/bpf26.png>
Package pdftex.def Info: bandpass-pics/bpf26.png used on input line 100.
(pdftex.def)             Requested size: 180.67499pt x 159.99911pt.
 [2 <C:/Users/mwoodruf/repo/ece432/amplifier_simulation_pics/lnaS21.PNG> <C:/Us
ers/mwoodruf/repo/ece432/amplifier_simulation_pics/lnaSchematic.PNG> <C:/Users/
mwoodruf/repo/ece432/wilkinson-pics/wilkinson-schematic.png> <C:/Users/mwoodruf
/repo/ece432/wilkinson-pics/wilkinson-simulation.png> <C:/Users/mwoodruf/repo/e
ce432/wilkinson-pics/wilkinson-layout.png> <C:/Users/mwoodruf/repo/ece432/bandp
ass-pics/bpf24.png>]
<diode-pics/diodedetectorSimplifiedSchematic.png, id=29, 1010.27437pt x 460.721
25pt>
File: diode-pics/diodedetectorSimplifiedSchematic.png Graphic file (type png)
 <use diode-pics/diodedetectorSimplifiedSchematic.png>
Package pdftex.def Info: diode-pics/diodedetectorSimplifiedSchematic.png used o
n input line 114.
(pdftex.def)             Requested size: 180.67499pt x 82.39195pt.

<diode-pics/diodedetectormodel.png, id=30, 1011.78pt x 432.86719pt>
File: diode-pics/diodedetectormodel.png Graphic file (type png)

<use diode-pics/diodedetectormodel.png>
Package pdftex.def Info: diode-pics/diodedetectormodel.png used on input line 1
22.
(pdftex.def)             Requested size: 180.67499pt x 77.29846pt.

<diode-pics/diodedetectorSimplifiedSmithChart.png, id=31, 512.66531pt x 486.316
88pt>
File: diode-pics/diodedetectorSimplifiedSmithChart.png Graphic file (type png)
 <use diode-pics/diodedetectorSimplifiedSmithChart.png>
Package pdftex.def Info: diode-pics/diodedetectorSimplifiedSmithChart.png used 
on input line 130.
(pdftex.def)             Requested size: 180.67499pt x 171.38591pt.

<diode-pics/smithcharttool.png, id=32, 1201.48875pt x 653.44125pt>
File: diode-pics/smithcharttool.png Graphic file (type png)

<use diode-pics/smithcharttool.png>
Package pdftex.def Info: diode-pics/smithcharttool.png used on input line 138.
(pdftex.def)             Requested size: 180.67499pt x 98.26122pt.

<diode-pics/diodedetectorsfinalchematic.png, id=33, 619.56468pt x 496.85625pt>
File: diode-pics/diodedetectorsfinalchematic.png Graphic file (type png)

<use diode-pics/diodedetectorsfinalchematic.png>
Package pdftex.def Info: diode-pics/diodedetectorsfinalchematic.png used on inp
ut line 158.
(pdftex.def)             Requested size: 180.67499pt x 144.88824pt.

<diode-pics/diodedetectorSmithmatched-final.png, id=34, 517.18219pt x 474.27188
pt>
File: diode-pics/diodedetectorSmithmatched-final.png Graphic file (type png)
 <use diode-pics/diodedetectorSmithmatched-final.png>
Package pdftex.def Info: diode-pics/diodedetectorSmithmatched-final.png used on
 input line 169.
(pdftex.def)             Requested size: 180.67499pt x 165.68646pt.

<diode-pics/diodedetectorS11matched-final.png, id=35, 571.38469pt x 478.03593pt
>
File: diode-pics/diodedetectorS11matched-final.png Graphic file (type png)
 <use diode-pics/diodedetectorS11matched-final.png>
Package pdftex.def Info: diode-pics/diodedetectorS11matched-final.png used on i
nput line 177.
(pdftex.def)             Requested size: 180.67499pt x 151.15836pt.

<diode-pics/diodedetectorlayout.png, id=36, 484.81125pt x 473.51906pt>
File: diode-pics/diodedetectorlayout.png Graphic file (type png)

<use diode-pics/diodedetectorlayout.png>
Package pdftex.def Info: diode-pics/diodedetectorlayout.png used on input line 
185.
(pdftex.def)             Requested size: 180.67499pt x 176.47095pt.
 [3 <C:/Users/mwoodruf/repo/ece432/bandpass-pics/bpf26.png> <C:/Users/mwoodruf/
repo/ece432/diode-pics/diodedetectorSimplifiedSchematic.png> <C:/Users/mwoodruf
/repo/ece432/diode-pics/diodedetectormodel.png> <C:/Users/mwoodruf/repo/ece432/
diode-pics/diodedetectorSimplifiedSmithChart.png> <C:/Users/mwoodruf/repo/ece43
2/diode-pics/smithcharttool.png> <C:/Users/mwoodruf/repo/ece432/diode-pics/diod
edetectorsfinalchematic.png>]
Underfull \vbox (badness 10000) has occurred while \output is active []


<diode-pics/diodedetectorLab24Smith.png, id=47, 667.74469pt x 497.60907pt>
File: diode-pics/diodedetectorLab24Smith.png Graphic file (type png)

<use diode-pics/diodedetectorLab24Smith.png>
Package pdftex.def Info: diode-pics/diodedetectorLab24Smith.png used on input l
ine 200.
(pdftex.def)             Requested size: 180.67499pt x 134.63718pt.

<diode-pics/diodedetectorLab24S11.png, id=48, 633.86812pt x 459.21562pt>
File: diode-pics/diodedetectorLab24S11.png Graphic file (type png)

<use diode-pics/diodedetectorLab24S11.png>
Package pdftex.def Info: diode-pics/diodedetectorLab24S11.png used on input lin
e 208.
(pdftex.def)             Requested size: 180.67499pt x 130.89182pt.

<diode-pics/diodedetectorLab26Smith.png, id=49, 654.19406pt x 469.755pt>
File: diode-pics/diodedetectorLab26Smith.png Graphic file (type png)

<use diode-pics/diodedetectorLab26Smith.png>
Package pdftex.def Info: diode-pics/diodedetectorLab26Smith.png used on input l
ine 216.
(pdftex.def)             Requested size: 180.67499pt x 129.73137pt.

<diode-pics/diodedetectorLab26S11.png, id=50, 655.69969pt x 462.22687pt>
File: diode-pics/diodedetectorLab26S11.png Graphic file (type png)

<use diode-pics/diodedetectorLab26S11.png>
Package pdftex.def Info: diode-pics/diodedetectorLab26S11.png used on input lin
e 224.
(pdftex.def)             Requested size: 180.67499pt x 127.36316pt.

Underfull \vbox (badness 10000) has occurred while \output is active []

 [4 <C:/Users/mwoodruf/repo/ece432/diode-pics/diodedetectorSmithmatched-final.p
ng> <C:/Users/mwoodruf/repo/ece432/diode-pics/diodedetectorS11matched-final.png
> <C:/Users/mwoodruf/repo/ece432/diode-pics/diodedetectorlayout.png> <C:/Users/
mwoodruf/repo/ece432/diode-pics/diodedetectorLab24Smith.png> <C:/Users/mwoodruf
/repo/ece432/diode-pics/diodedetectorLab24S11.png> <C:/Users/mwoodruf/repo/ece4
32/diode-pics/diodedetectorLab26Smith.png>] <fsk.jpg, id=60, 2538.48375pt x 868
.24374pt>
File: fsk.jpg Graphic file (type jpg)

<use fsk.jpg>
Package pdftex.def Info: fsk.jpg used on input line 235.
(pdftex.def)             Requested size: 180.67499pt x 61.79013pt.


** Conference Paper **
Before submitting the final camera ready copy, remember to:

 1. Manually equalize the lengths of two columns on the last page
 of your paper;

 2. Ensure that any PostScript and/or PDF output post-processing
 uses only Type 1 fonts and that every step in the generation
 process uses the appropriate paper size.

[5 <C:/Users/mwoodruf/repo/ece432/diode-pics/diodedetectorLab26S11.png> <C:/Use
rs/mwoodruf/repo/ece432/fsk.jpg>] (C:\Users\mwoodruf\repo\ece432\bare_conf.aux)

LaTeX Warning: There were undefined references.

 ) 
Here is how much of TeX's memory you used:
 3029 strings out of 493921
 45204 string characters out of 3146471
 106520 words of memory out of 3000000
 6301 multiletter control sequences out of 15000+200000
 38121 words of font info for 72 fonts, out of 3000000 for 9000
 844 hyphenation exceptions out of 8191
 27i,9n,35p,1292b,216s stack positions out of 5000i,500n,10000p,200000b,50000s
{C:/Program Files (x86)/miktex/fonts/enc/dvips/fontname/8r.enc}<C:/Program Fi
les (x86)/miktex/fonts/type1/public/amsfonts/cm/cmmi8.pfb><C:/Program Files (x8
6)/miktex/fonts/type1/public/amsfonts/cm/cmr7.pfb><C:/Program Files (x86)/mikte
x/fonts/type1/urw/times/utmb8a.pfb><C:/Program Files (x86)/miktex/fonts/type1/u
rw/times/utmr8a.pfb><C:/Program Files (x86)/miktex/fonts/type1/urw/times/utmri8
a.pfb>
Output written on bare_conf.pdf (5 pages, 1352488 bytes).
PDF statistics:
 82 PDF objects out of 1000 (max. 8388607)
 0 named destinations out of 1000 (max. 500000)
 111 words of extra memory for PDF output out of 10000 (max. 10000000)

