This is pdfTeX, Version 3.1415926-2.4-1.40.13 (MiKTeX 2.9) (preloaded format=pdflatex 2013.3.20)  13 JUN 2013 22:30
entering extended mode
**C:/Users/mwoodruf/repo/ece432/LNA_Report/bare_conf.tex
(C:/Users/mwoodruf/repo/ece432/LNA_Report/bare_conf.tex
LaTeX2e <2011/06/27>
Babel <v3.8m> and hyphenation patterns for english, afrikaans, ancientgreek, ar
abic, armenian, assamese, basque, bengali, bokmal, bulgarian, catalan, coptic, 
croatian, czech, danish, dutch, esperanto, estonian, farsi, finnish, french, ga
lician, german, german-x-2012-05-30, greek, gujarati, hindi, hungarian, iceland
ic, indonesian, interlingua, irish, italian, kannada, kurmanji, latin, latvian,
 lithuanian, malayalam, marathi, mongolian, mongolianlmc, monogreek, ngerman, n
german-x-2012-05-30, nynorsk, oriya, panjabi, pinyin, polish, portuguese, roman
ian, russian, sanskrit, serbian, slovak, slovenian, spanish, swedish, swissgerm
an, tamil, telugu, turkish, turkmen, ukenglish, ukrainian, uppersorbian, usengl
ishmax, welsh, loaded.
(C:\Users\mwoodruf\repo\ece432\LNA_Report\IEEEtran.cls
Document Class: IEEEtran 2012/11/21 V1.8c by Harald Hanche-Olsen and Anders Chr
istensen
-- Based on V1.7a by Michael Shell
-- See the "IEEEtran_HOWTO" manual for usage information.
-- http://www.michaelshell.org/tex/ieeetran/
\@IEEEtrantmpdimenA=\dimen102
\@IEEEtrantmpdimenB=\dimen103
\@IEEEtrantmpcountA=\count79
\@IEEEtrantmpcountB=\count80
\@IEEEtrantmptoksA=\toks14
LaTeX Font Info:    Try loading font information for OT1+ptm on input line 373.

("C:\Program Files (x86)\miktex\tex\latex\psnfss\ot1ptm.fd"
File: ot1ptm.fd 2001/06/04 font definitions for OT1/ptm.
)
-- Using 8.5in x 11in (letter) paper.
-- Using PDF output.
\@IEEEnormalsizeunitybaselineskip=\dimen104
-- This is a 10 point document.
\CLASSINFOnormalsizebaselineskip=\dimen105
\CLASSINFOnormalsizeunitybaselineskip=\dimen106
\IEEEnormaljot=\dimen107
LaTeX Font Info:    Font shape `OT1/ptm/bx/n' in size <5> not available
(Font)              Font shape `OT1/ptm/b/n' tried instead on input line 731.
LaTeX Font Info:    Font shape `OT1/ptm/bx/it' in size <5> not available
(Font)              Font shape `OT1/ptm/b/it' tried instead on input line 731.
LaTeX Font Info:    Font shape `OT1/ptm/bx/n' in size <7> not available
(Font)              Font shape `OT1/ptm/b/n' tried instead on input line 731.
LaTeX Font Info:    Font shape `OT1/ptm/bx/it' in size <7> not available
(Font)              Font shape `OT1/ptm/b/it' tried instead on input line 731.
LaTeX Font Info:    Font shape `OT1/ptm/bx/n' in size <8> not available
(Font)              Font shape `OT1/ptm/b/n' tried instead on input line 731.
LaTeX Font Info:    Font shape `OT1/ptm/bx/it' in size <8> not available
(Font)              Font shape `OT1/ptm/b/it' tried instead on input line 731.
LaTeX Font Info:    Font shape `OT1/ptm/bx/n' in size <9> not available
(Font)              Font shape `OT1/ptm/b/n' tried instead on input line 731.
LaTeX Font Info:    Font shape `OT1/ptm/bx/it' in size <9> not available
(Font)              Font shape `OT1/ptm/b/it' tried instead on input line 731.
LaTeX Font Info:    Font shape `OT1/ptm/bx/n' in size <10> not available
(Font)              Font shape `OT1/ptm/b/n' tried instead on input line 731.
LaTeX Font Info:    Font shape `OT1/ptm/bx/it' in size <10> not available
(Font)              Font shape `OT1/ptm/b/it' tried instead on input line 731.
LaTeX Font Info:    Font shape `OT1/ptm/bx/n' in size <11> not available
(Font)              Font shape `OT1/ptm/b/n' tried instead on input line 731.
LaTeX Font Info:    Font shape `OT1/ptm/bx/it' in size <11> not available
(Font)              Font shape `OT1/ptm/b/it' tried instead on input line 731.
LaTeX Font Info:    Font shape `OT1/ptm/bx/n' in size <12> not available
(Font)              Font shape `OT1/ptm/b/n' tried instead on input line 731.
LaTeX Font Info:    Font shape `OT1/ptm/bx/it' in size <12> not available
(Font)              Font shape `OT1/ptm/b/it' tried instead on input line 731.
LaTeX Font Info:    Font shape `OT1/ptm/bx/n' in size <17> not available
(Font)              Font shape `OT1/ptm/b/n' tried instead on input line 731.
LaTeX Font Info:    Font shape `OT1/ptm/bx/it' in size <17> not available
(Font)              Font shape `OT1/ptm/b/it' tried instead on input line 731.
LaTeX Font Info:    Font shape `OT1/ptm/bx/n' in size <20> not available
(Font)              Font shape `OT1/ptm/b/n' tried instead on input line 731.
LaTeX Font Info:    Font shape `OT1/ptm/bx/it' in size <20> not available
(Font)              Font shape `OT1/ptm/b/it' tried instead on input line 731.
LaTeX Font Info:    Font shape `OT1/ptm/bx/n' in size <24> not available
(Font)              Font shape `OT1/ptm/b/n' tried instead on input line 731.
LaTeX Font Info:    Font shape `OT1/ptm/bx/it' in size <24> not available
(Font)              Font shape `OT1/ptm/b/it' tried instead on input line 731.
\IEEEilabelindentA=\dimen108
\IEEEilabelindentB=\dimen109
\IEEEilabelindent=\dimen110
\IEEEelabelindent=\dimen111
\IEEEdlabelindent=\dimen112
\IEEElabelindent=\dimen113
\IEEEiednormlabelsep=\dimen114
\IEEEiedmathlabelsep=\dimen115
\IEEEiedtopsep=\skip41
\c@section=\count81
\c@subsection=\count82
\c@subsubsection=\count83
\c@paragraph=\count84
\c@IEEEsubequation=\count85
\abovecaptionskip=\skip42
\belowcaptionskip=\skip43
\c@figure=\count86
\c@table=\count87
\@IEEEeqnnumcols=\count88
\@IEEEeqncolcnt=\count89
\@IEEEtmpitemindent=\dimen116
\c@IEEEbiography=\count90
\@IEEEtranrubishbin=\box26
) ("C:\Program Files (x86)\miktex\tex\latex\amsmath\amsmath.sty"
Package: amsmath 2013/01/14 v2.14 AMS math features
\@mathmargin=\skip44

For additional information on amsmath, use the `?' option.
("C:\Program Files (x86)\miktex\tex\latex\amsmath\amstext.sty"
Package: amstext 2000/06/29 v2.01

("C:\Program Files (x86)\miktex\tex\latex\amsmath\amsgen.sty"
File: amsgen.sty 1999/11/30 v2.0
\@emptytoks=\toks15
\ex@=\dimen117
))
("C:\Program Files (x86)\miktex\tex\latex\amsmath\amsbsy.sty"
Package: amsbsy 1999/11/29 v1.2d
\pmbraise@=\dimen118
)
("C:\Program Files (x86)\miktex\tex\latex\amsmath\amsopn.sty"
Package: amsopn 1999/12/14 v2.01 operator names
)
\inf@bad=\count91
LaTeX Info: Redefining \frac on input line 210.
\uproot@=\count92
\leftroot@=\count93
LaTeX Info: Redefining \overline on input line 306.
\classnum@=\count94
\DOTSCASE@=\count95
LaTeX Info: Redefining \ldots on input line 378.
LaTeX Info: Redefining \dots on input line 381.
LaTeX Info: Redefining \cdots on input line 466.
\Mathstrutbox@=\box27
\strutbox@=\box28
\big@size=\dimen119
LaTeX Font Info:    Redeclaring font encoding OML on input line 566.
LaTeX Font Info:    Redeclaring font encoding OMS on input line 567.
\macc@depth=\count96
\c@MaxMatrixCols=\count97
\dotsspace@=\muskip10
\c@parentequation=\count98
\dspbrk@lvl=\count99
\tag@help=\toks16
\row@=\count100
\column@=\count101
\maxfields@=\count102
\andhelp@=\toks17
\eqnshift@=\dimen120
\alignsep@=\dimen121
\tagshift@=\dimen122
\tagwidth@=\dimen123
\totwidth@=\dimen124
\lineht@=\dimen125
\@envbody=\toks18
\multlinegap=\skip45
\multlinetaggap=\skip46
\mathdisplay@stack=\toks19
LaTeX Info: Redefining \[ on input line 2665.
LaTeX Info: Redefining \] on input line 2666.
)
("C:\Program Files (x86)\miktex\tex\latex\xcolor\xcolor.sty"
Package: xcolor 2007/01/21 v2.11 LaTeX color extensions (UK)

("C:\Program Files (x86)\miktex\tex\latex\00miktex\color.cfg"
File: color.cfg 2007/01/18 v1.5 color configuration of teTeX/TeXLive
)
Package xcolor Info: Driver file: pdftex.def on input line 225.

("C:\Program Files (x86)\miktex\tex\latex\pdftex-def\pdftex.def"
File: pdftex.def 2011/05/27 v0.06d Graphics/color for pdfTeX

("C:\Program Files (x86)\miktex\tex\generic\oberdiek\infwarerr.sty"
Package: infwarerr 2010/04/08 v1.3 Providing info/warning/error messages (HO)
)
("C:\Program Files (x86)\miktex\tex\generic\oberdiek\ltxcmds.sty"
Package: ltxcmds 2011/11/09 v1.22 LaTeX kernel commands for general use (HO)
)
\Gread@gobject=\count103
)
Package xcolor Info: Model `cmy' substituted by `cmy0' on input line 1337.
Package xcolor Info: Model `hsb' substituted by `rgb' on input line 1341.
Package xcolor Info: Model `RGB' extended on input line 1353.
Package xcolor Info: Model `HTML' substituted by `rgb' on input line 1355.
Package xcolor Info: Model `Hsb' substituted by `hsb' on input line 1356.
Package xcolor Info: Model `tHsb' substituted by `hsb' on input line 1357.
Package xcolor Info: Model `HSB' substituted by `hsb' on input line 1358.
Package xcolor Info: Model `Gray' substituted by `gray' on input line 1359.
Package xcolor Info: Model `wave' substituted by `hsb' on input line 1360.
)
("C:\Program Files (x86)\miktex\tex\latex\graphics\graphicx.sty"
Package: graphicx 1999/02/16 v1.0f Enhanced LaTeX Graphics (DPC,SPQR)

("C:\Program Files (x86)\miktex\tex\latex\graphics\keyval.sty"
Package: keyval 1999/03/16 v1.13 key=value parser (DPC)
\KV@toks@=\toks20
)
("C:\Program Files (x86)\miktex\tex\latex\graphics\graphics.sty"
Package: graphics 2009/02/05 v1.0o Standard LaTeX Graphics (DPC,SPQR)

("C:\Program Files (x86)\miktex\tex\latex\graphics\trig.sty"
Package: trig 1999/03/16 v1.09 sin cos tan (DPC)
)
("C:\Program Files (x86)\miktex\tex\latex\00miktex\graphics.cfg"
File: graphics.cfg 2007/01/18 v1.5 graphics configuration of teTeX/TeXLive
)
Package graphics Info: Driver file: pdftex.def on input line 91.
)
\Gin@req@height=\dimen126
\Gin@req@width=\dimen127
)
(C:\Users\mwoodruf\repo\ece432\LNA_Report\bare_conf.aux)
LaTeX Font Info:    Checking defaults for OML/cmm/m/it on input line 7.
LaTeX Font Info:    ... okay on input line 7.
LaTeX Font Info:    Checking defaults for T1/cmr/m/n on input line 7.
LaTeX Font Info:    ... okay on input line 7.
LaTeX Font Info:    Checking defaults for OT1/cmr/m/n on input line 7.
LaTeX Font Info:    ... okay on input line 7.
LaTeX Font Info:    Checking defaults for OMS/cmsy/m/n on input line 7.
LaTeX Font Info:    ... okay on input line 7.
LaTeX Font Info:    Checking defaults for OMX/cmex/m/n on input line 7.
LaTeX Font Info:    ... okay on input line 7.
LaTeX Font Info:    Checking defaults for U/cmr/m/n on input line 7.
LaTeX Font Info:    ... okay on input line 7.

("C:\Program Files (x86)\miktex\tex\context\base\supp-pdf.mkii"
[Loading MPS to PDF converter (version 2006.09.02).]
\scratchcounter=\count104
\scratchdimen=\dimen128
\scratchbox=\box29
\nofMPsegments=\count105
\nofMParguments=\count106
\everyMPshowfont=\toks21
\MPscratchCnt=\count107
\MPscratchDim=\dimen129
\MPnumerator=\count108
\makeMPintoPDFobject=\count109
\everyMPtoPDFconversion=\toks22
)
LaTeX Font Info:    External font `cmex10' loaded for size
(Font)              <7> on input line 26.
LaTeX Font Info:    External font `cmex10' loaded for size
(Font)              <5> on input line 26.
 <pics/DCBiasNetwork.png, id=1, 852.18375pt x 483.30562pt>
File: pics/DCBiasNetwork.png Graphic file (type png)

<use pics/DCBiasNetwork.png>
Package pdftex.def Info: pics/DCBiasNetwork.png used on input line 48.
(pdftex.def)             Requested size: 180.67499pt x 102.46324pt.

<pics/DCBiasResults.png, id=3, 1057.70157pt x 227.34938pt>
File: pics/DCBiasResults.png Graphic file (type png)

<use pics/DCBiasResults.png>
Package pdftex.def Info: pics/DCBiasResults.png used on input line 55.
(pdftex.def)             Requested size: 180.67499pt x 38.83273pt.

<pics/SParameterComparison.png, id=4, 750.55406pt x 500.62032pt>
File: pics/SParameterComparison.png Graphic file (type png)

<use pics/SParameterComparison.png>
Package pdftex.def Info: pics/SParameterComparison.png used on input line 62.
(pdftex.def)             Requested size: 180.67499pt x 120.51035pt.


LaTeX Warning: `!h' float specifier changed to `!ht'.

<pics/DesignGuideUnoptimized.png, id=5, 708.39656pt x 506.6428pt>
File: pics/DesignGuideUnoptimized.png Graphic file (type png)

<use pics/DesignGuideUnoptimized.png>
Package pdftex.def Info: pics/DesignGuideUnoptimized.png used on input line 71.

(pdftex.def)             Requested size: 180.67499pt x 129.21153pt.


LaTeX Warning: `!h' float specifier changed to `!ht'.

[1{C:/Users/mwoodruf/AppData/Local/MiKTeX/2.9/pdftex/config/pdftex.map}


 <C:/Users/mwoodruf/repo/ece432/LNA_Report/pics/DCBiasNetwork.png> <C:/Users/mw
oodruf/repo/ece432/LNA_Report/pics/DCBiasResults.png>]
<pics/DesignGuideStablizedCircuit.png, id=17, 938.75719pt x 483.30562pt>
File: pics/DesignGuideStablizedCircuit.png Graphic file (type png)

<use pics/DesignGuideStablizedCircuit.png>
Package pdftex.def Info: pics/DesignGuideStablizedCircuit.png used on input lin
e 80.
(pdftex.def)             Requested size: 180.67499pt x 93.01633pt.

<pics/DesignGuideStablizedSimulation.png, id=18, 705.38531pt x 505.89pt>
File: pics/DesignGuideStablizedSimulation.png Graphic file (type png)

<use pics/DesignGuideStablizedSimulation.png>
Package pdftex.def Info: pics/DesignGuideStablizedSimulation.png used on input 
line 87.
(pdftex.def)             Requested size: 180.67499pt x 129.57532pt.

<pics/FinalStabilizingCircuit.png, id=19, 693.34032pt x 479.54156pt>
File: pics/FinalStabilizingCircuit.png Graphic file (type png)

<use pics/FinalStabilizingCircuit.png>
Package pdftex.def Info: pics/FinalStabilizingCircuit.png used on input line 10
0.
(pdftex.def)             Requested size: 180.67499pt x 124.96323pt.

<pics/FinalStabilizingSimulation.png, id=20, 685.05937pt x 493.845pt>
File: pics/FinalStabilizingSimulation.png Graphic file (type png)

<use pics/FinalStabilizingSimulation.png>
Package pdftex.def Info: pics/FinalStabilizingSimulation.png used on input line
 107.
(pdftex.def)             Requested size: 180.67499pt x 130.24284pt.

<LNApics/LNAlayout.png, id=21, 475.02469pt x 485.56406pt>
File: LNApics/LNAlayout.png Graphic file (type png)

<use LNApics/LNAlayout.png>
Package pdftex.def Info: LNApics/LNAlayout.png used on input line 115.
(pdftex.def)             Requested size: 180.67499pt x 184.68666pt.


LaTeX Warning: `!h' float specifier changed to `!ht'.

[2 <C:/Users/mwoodruf/repo/ece432/LNA_Report/pics/SParameterComparison.png> <C:
/Users/mwoodruf/repo/ece432/LNA_Report/pics/DesignGuideUnoptimized.png> <C:/Use
rs/mwoodruf/repo/ece432/LNA_Report/pics/DesignGuideStablizedCircuit.png> <C:/Us
ers/mwoodruf/repo/ece432/LNA_Report/pics/DesignGuideStablizedSimulation.png> <C
:/Users/mwoodruf/repo/ece432/LNA_Report/pics/FinalStabilizingCircuit.png> <C:/U
sers/mwoodruf/repo/ece432/LNA_Report/pics/FinalStabilizingSimulation.png>]

** Conference Paper **
Before submitting the final camera ready copy, remember to:

 1. Manually equalize the lengths of two columns on the last page
 of your paper;

 2. Ensure that any PostScript and/or PDF output post-processing
 uses only Type 1 fonts and that every step in the generation
 process uses the appropriate paper size.

[3

 <C:/Users/mwoodruf/repo/ece432/LNA_Report/LNApics/LNAlayout.png>]
(C:\Users\mwoodruf\repo\ece432\LNA_Report\bare_conf.aux) ) 
Here is how much of TeX's memory you used:
 2927 strings out of 493921
 41893 string characters out of 3146471
 109381 words of memory out of 3000000
 6223 multiletter control sequences out of 15000+200000
 34673 words of font info for 64 fonts, out of 3000000 for 9000
 844 hyphenation exceptions out of 8191
 27i,8n,35p,983b,218s stack positions out of 5000i,500n,10000p,200000b,50000s
{C:/Program Files (x8
6)/miktex/fonts/enc/dvips/fontname/8r.enc}<C:/Program Files (x86)/miktex/fonts/
type1/public/amsfonts/cm/cmmi10.pfb><C:/Program Files (x86)/miktex/fonts/type1/
public/amsfonts/cm/cmmi7.pfb><C:/Program Files (x86)/miktex/fonts/type1/urw/tim
es/utmb8a.pfb><C:/Program Files (x86)/miktex/fonts/type1/urw/times/utmbi8a.pfb>
<C:/Program Files (x86)/miktex/fonts/type1/urw/times/utmr8a.pfb>
Output written on bare_conf.pdf (3 pages, 379951 bytes).
PDF statistics:
 52 PDF objects out of 1000 (max. 8388607)
 0 named destinations out of 1000 (max. 500000)
 46 words of extra memory for PDF output out of 10000 (max. 10000000)

